<?xml version="1.0" encoding="UTF-8"?>
<!-- Generated by org.testng.reporters.JUnitXMLReporter -->
<testsuite hostname="A4ML12351" ignored="7" name="Test" tests="2" failures="0" timestamp="2020-08-16T20:49:23 IST" time="7.06" errors="0">
  <testcase name="createUser" time="5.021" classname="methods.Method_Post"/>
  <testcase name="createUser" time="1.956" classname="methods.Method_Post"/>
  <testcase name="singleResource" time="0.0" classname="methods.Method_Get">
    <ignored/>
  </testcase> <!-- singleResource -->
  <testcase name="listResource" time="0.0" classname="methods.Method_Get">
    <ignored/>
  </testcase> <!-- listResource -->
  <testcase name="singleUser" time="0.0" classname="methods.Method_Get">
    <ignored/>
  </testcase> <!-- singleUser -->
  <testcase name="singleResourceNotFound" time="0.0" classname="methods.Method_Get">
    <ignored/>
  </testcase> <!-- singleResourceNotFound -->
  <testcase name="listUsers" time="0.0" classname="methods.Method_Get">
    <ignored/>
  </testcase> <!-- listUsers -->
  <testcase name="singleUserNotFound" time="0.0" classname="methods.Method_Get">
    <ignored/>
  </testcase> <!-- singleUserNotFound -->
  <testcase name="listUsers_Negative_TC" time="0.0" classname="methods.Method_Get">
    <ignored/>
  </testcase> <!-- listUsers_Negative_TC -->
</testsuite> <!-- Test -->
